[INFO] Scanning for projects...
[WARNING] 
[WARNING] Some problems were encountered while building the effective model for ru.sbrf.uddk.ai.testing:ai-testing-app:jar:1.0-SNAPSHOT
[WARNING] 'build.plugins.plugin.version' for org.springframework.boot:spring-boot-maven-plugin is missing. @ line 35, column 21
[WARNING] 
[WARNING] It is highly recommended to fix these problems because they threaten the stability of your build.
[WARNING] 
[WARNING] For this reason, future Maven versions might no longer support building such malformed projects.
[WARNING] 
[INFO] 
[INFO] ---------------< ru.sbrf.uddk.ai.testing:ai-testing-app >---------------
[INFO] Building ai-testing-app 1.0-SNAPSHOT
[INFO]   from pom.xml
[INFO] --------------------------------[ jar ]---------------------------------
[INFO] 
[INFO] >>> spring-boot:4.1.0-M4:run (default-cli) > test-compile @ ai-testing-app >>>
[INFO] 
[INFO] --- resources:3.3.1:resources (default-resources) @ ai-testing-app ---
[INFO] Copying 1 resource from src\main\resources to target\classes
[INFO] 
[INFO] --- compiler:3.11.0:compile (default-compile) @ ai-testing-app ---
[INFO] Nothing to compile - all classes are up to date
[INFO] 
[INFO] --- resources:3.3.1:testResources (default-testResources) @ ai-testing-app ---
[INFO] skip non existing resourceDirectory E:\Projects2026\ai-testing\ai-testing-app\src\test\resources
[INFO] 
[INFO] --- compiler:3.11.0:testCompile (default-testCompile) @ ai-testing-app ---
[INFO] Nothing to compile - all classes are up to date
[INFO] 
[INFO] <<< spring-boot:4.1.0-M4:run (default-cli) < test-compile @ ai-testing-app <<<
[INFO] 
[INFO] 
[INFO] --- spring-boot:4.1.0-M4:run (default-cli) @ ai-testing-app ---
[INFO] Attaching agents: []
2026-04-20T22:49:54.885+03:00  INFO 50204 --- [ai-testing] [           main] ru.sbrf.uddk.ai.testing.Application      : Starting Application using Java 21.0.1 with PID 50204 (E:\Projects2026\ai-testing\ai-testing-app\target\classes started by Lucifer in E:\Projects2026\ai-testing\ai-testing-app)
2026-04-20T22:49:54.886+03:00 DEBUG 50204 --- [ai-testing] [           main] ru.sbrf.uddk.ai.testing.Application      : Running with Spring Boot v3.5.10, Spring v6.2.15
2026-04-20T22:49:54.887+03:00  INFO 50204 --- [ai-testing] [           main] ru.sbrf.uddk.ai.testing.Application      : No active profile set, falling back to 1 default profile: "default"
2026-04-20T22:49:55.363+03:00  INFO 50204 --- [ai-testing] [           main] .s.d.r.c.RepositoryConfigurationDelegate : Bootstrapping Spring Data JPA repositories in DEFAULT mode.
2026-04-20T22:49:55.477+03:00  INFO 50204 --- [ai-testing] [           main] .s.d.r.c.RepositoryConfigurationDelegate : Finished Spring Data repository scanning in 107 ms. Found 2 JPA repository interfaces.
2026-04-20T22:49:55.861+03:00  INFO 50204 --- [ai-testing] [           main] o.s.b.w.embedded.tomcat.TomcatWebServer  : Tomcat initialized with port 8080 (http)
2026-04-20T22:49:55.873+03:00  INFO 50204 --- [ai-testing] [           main] o.apache.catalina.core.StandardService   : Starting service [Tomcat]
2026-04-20T22:49:55.873+03:00  INFO 50204 --- [ai-testing] [           main] o.apache.catalina.core.StandardEngine    : Starting Servlet engine: [Apache Tomcat/10.1.50]
2026-04-20T22:49:55.932+03:00  INFO 50204 --- [ai-testing] [           main] o.a.c.c.C.[Tomcat].[localhost].[/]       : Initializing Spring embedded WebApplicationContext
2026-04-20T22:49:55.933+03:00  INFO 50204 --- [ai-testing] [           main] w.s.c.ServletWebServerApplicationContext : Root WebApplicationContext: initialization completed in 1015 ms
2026-04-20T22:49:56.040+03:00  INFO 50204 --- [ai-testing] [           main] o.hibernate.jpa.internal.util.LogHelper  : HHH000204: Processing PersistenceUnitInfo [name: default]
2026-04-20T22:49:56.078+03:00  INFO 50204 --- [ai-testing] [           main] org.hibernate.Version                    : HHH000412: Hibernate ORM core version 6.6.41.Final
2026-04-20T22:49:56.101+03:00  INFO 50204 --- [ai-testing] [           main] o.h.c.internal.RegionFactoryInitiator    : HHH000026: Second-level cache disabled
2026-04-20T22:49:56.308+03:00  INFO 50204 --- [ai-testing] [           main] o.s.o.j.p.SpringPersistenceUnitInfo      : No LoadTimeWeaver setup: ignoring JPA class transformer
2026-04-20T22:49:56.329+03:00  INFO 50204 --- [ai-testing] [           main] com.zaxxer.hikari.HikariDataSource       : HikariPool-1 - Starting...
2026-04-20T22:49:56.504+03:00  INFO 50204 --- [ai-testing] [           main] com.zaxxer.hikari.pool.HikariPool        : HikariPool-1 - Added connection conn0: url=jdbc:h2:mem:testdb user=SA
2026-04-20T22:49:56.506+03:00  INFO 50204 --- [ai-testing] [           main] com.zaxxer.hikari.HikariDataSource       : HikariPool-1 - Start completed.
2026-04-20T22:49:56.529+03:00  WARN 50204 --- [ai-testing] [           main] org.hibernate.orm.deprecation            : HHH90000025: H2Dialect does not need to be specified explicitly using 'hibernate.dialect' (remove the property setting and it will be selected by default)
2026-04-20T22:49:56.546+03:00  INFO 50204 --- [ai-testing] [           main] org.hibernate.orm.connections.pooling    : HHH10001005: Database info:
	Database JDBC URL [Connecting through datasource 'HikariDataSource (HikariPool-1)']
	Database driver: undefined/unknown
	Database version: 2.3.232
	Autocommit mode: undefined/unknown
	Isolation level: undefined/unknown
	Minimum pool size: undefined/unknown
	Maximum pool size: undefined/unknown
2026-04-20T22:49:57.421+03:00  INFO 50204 --- [ai-testing] [           main] o.h.e.t.j.p.i.JtaPlatformInitiator       : HHH000489: No JTA platform available (set 'hibernate.transaction.jta.platform' to enable JTA platform integration)
2026-04-20T22:49:57.475+03:00  INFO 50204 --- [ai-testing] [           main] j.LocalContainerEntityManagerFactoryBean : Initialized JPA EntityManagerFactory for persistence unit 'default'
2026-04-20T22:49:57.797+03:00  INFO 50204 --- [ai-testing] [           main] i.g.bonigarcia.wdm.WebDriverManager      : Using chromedriver 147.0.7727.57 (resolved driver for Chrome 147)
2026-04-20T22:49:57.805+03:00  INFO 50204 --- [ai-testing] [           main] i.g.bonigarcia.wdm.WebDriverManager      : Exporting webdriver.chrome.driver as C:\Users\lucif\.cache\selenium\chromedriver\win64\147.0.7727.57\chromedriver.exe
2026-04-20T22:49:57.978+03:00 DEBUG 50204 --- [ai-testing] [           main] r.s.u.a.t.i.action.ActionFactoryImpl     : Registered action: CLICK
2026-04-20T22:49:57.978+03:00 DEBUG 50204 --- [ai-testing] [           main] r.s.u.a.t.i.action.ActionFactoryImpl     : Registered action: COMPLETE
2026-04-20T22:49:57.978+03:00 DEBUG 50204 --- [ai-testing] [           main] r.s.u.a.t.i.action.ActionFactoryImpl     : Registered action: NAVIGATE_TO
2026-04-20T22:49:57.978+03:00 DEBUG 50204 --- [ai-testing] [           main] r.s.u.a.t.i.action.ActionFactoryImpl     : Registered action: REFRESH
2026-04-20T22:49:57.978+03:00 DEBUG 50204 --- [ai-testing] [           main] r.s.u.a.t.i.action.ActionFactoryImpl     : Registered action: SCROLL_DOWN
2026-04-20T22:49:57.978+03:00 DEBUG 50204 --- [ai-testing] [           main] r.s.u.a.t.i.action.ActionFactoryImpl     : Registered action: TYPE
2026-04-20T22:49:57.979+03:00  INFO 50204 --- [ai-testing] [           main] r.s.u.a.t.i.action.ActionFactoryImpl     : Registered 6 actions: [COMPLETE, NAVIGATE_TO, REFRESH, CLICK, TYPE, SCROLL_DOWN]
2026-04-20T22:49:58.009+03:00  WARN 50204 --- [ai-testing] [           main] JpaBaseConfiguration$JpaWebConfiguration : spring.jpa.open-in-view is enabled by default. Therefore, database queries may be performed during view rendering. Explicitly configure spring.jpa.open-in-view to disable this warning
2026-04-20T22:49:58.024+03:00  INFO 50204 --- [ai-testing] [           main] o.s.b.a.w.s.WelcomePageHandlerMapping    : Adding welcome page: class path resource [static/index.html]
2026-04-20T22:49:58.446+03:00  INFO 50204 --- [ai-testing] [           main] o.s.d.j.r.query.QueryEnhancerFactory     : Hibernate is in classpath; If applicable, HQL parser will be used.
2026-04-20T22:49:58.914+03:00  WARN 50204 --- [ai-testing] [           main] ConfigServletWebServerApplicationContext : Exception encountered during context initialization - cancelling refresh attempt: org.springframework.context.ApplicationContextException: Failed to start bean 'webServerStartStop'
2026-04-20T22:49:58.916+03:00  INFO 50204 --- [ai-testing] [           main] j.LocalContainerEntityManagerFactoryBean : Closing JPA EntityManagerFactory for persistence unit 'default'
2026-04-20T22:49:58.924+03:00  INFO 50204 --- [ai-testing] [           main] com.zaxxer.hikari.HikariDataSource       : HikariPool-1 - Shutdown initiated...
2026-04-20T22:49:58.925+03:00  INFO 50204 --- [ai-testing] [           main] com.zaxxer.hikari.HikariDataSource       : HikariPool-1 - Shutdown completed.
2026-04-20T22:49:58.933+03:00  INFO 50204 --- [ai-testing] [           main] .s.b.a.l.ConditionEvaluationReportLogger : 

Error starting ApplicationContext. To display the condition evaluation report re-run your application with 'debug' enabled.
2026-04-20T22:49:58.945+03:00 ERROR 50204 --- [ai-testing] [           main] o.s.b.d.LoggingFailureAnalysisReporter   : 

***************************
APPLICATION FAILED TO START
***************************

Description:

Web server failed to start. Port 8080 was already in use.

Action:

Identify and stop the process that's listening on port 8080 or configure this application to listen on another port.

[INFO] ------------------------------------------------------------------------
[INFO] BUILD FAILURE
[INFO] ------------------------------------------------------------------------
[INFO] Total time:  6.640 s
[INFO] Finished at: 2026-04-20T22:49:59+03:00
[INFO] ------------------------------------------------------------------------
[ERROR] Failed to execute goal org.springframework.boot:spring-boot-maven-plugin:4.1.0-M4:run (default-cli) on project ai-testing-app: Process terminated with exit code: 1 -> [Help 1]
[ERROR] 
[ERROR] To see the full stack trace of the errors, re-run Maven with the -e switch.
[ERROR] Re-run Maven using the -X switch to enable full debug logging.
[ERROR] 
[ERROR] For more information about the errors and possible solutions, please read the following articles:
[ERROR] [Help 1] http://cwiki.apache.org/confluence/display/MAVEN/MojoExecutionException
